Script started on Wed 17 May 2023 02:47:00 PM UTC
[vagrant@lvm ~]$ sudo pvcreate /dev/sdb
  Physical volume "/dev/sdb" successfully created.
[vagrant@lvm ~]$ sudo vgcreate vg_root /dev/sdb
  Volume group "vg_root" successfully created
[vagrant@lvm ~]$ sudo lvcreate -n lv_root -l +100%FREE /dev/vg_root
  Logical volume "lv_root" created.
[vagrant@lvm ~]$ sudo mkfs.xfs /dev/vg_root/lv_root
meta-data=/dev/vg_root/lv_root   isize=512    agcount=4, agsize=655104 blks
         =                       sectsz=512   attr=2, projid32bit=1
         =                       crc=1        finobt=0, sparse=0
data     =                       bsize=4096   blocks=2620416, imaxpct=25
         =                       sunit=0      swidth=0 blks
naming   =version 2              bsize=4096   ascii-ci=0 ftype=1
log      =internal log           bsize=4096   blocks=2560, version=2
         =                       sectsz=512   sunit=0 blks, lazy-count=1
realtime =none                   extsz=4096   blocks=0, rtextents=0
[vagrant@lvm ~]$ sudo mount /dev/vg_root/lv_root /mnt
[vagrant@lvm ~]$ sudo xfsdump -J - /dev/VolGroup00/LogVol00 | sudo xfsrestore -J - /mnt
xfsrestore: using file dump (drive_simple) strategy
xfsrestore: version 3.1.7 (dump format 3.0)
xfsdump: using file dump (drive_simple) strategy
xfsdump: version 3.1.7 (dump format 3.0)
xfsdump: level 0 dump of lvm:/
xfsdump: dump date: Wed May 17 14:47:53 2023
xfsdump: session id: de0cba6b-c7da-469d-a506-88c2669594e2
xfsdump: session label: ""
xfsrestore: searching media for dump
xfsdump: ino map phase 1: constructing initial dump list
xfsdump: ino map phase 2: skipping (no pruning necessary)
xfsdump: ino map phase 3: skipping (only one dump stream)
xfsdump: ino map construction complete
xfsdump: estimated dump size: 860420480 bytes
xfsdump: creating dump session media file 0 (media 0, file 0)
xfsdump: dumping ino map
xfsdump: dumping directories
xfsrestore: examining media file 0
xfsrestore: dump description:
xfsrestore: hostname: lvm
xfsrestore: mount point: /
xfsrestore: volume: /dev/mapper/VolGroup00-LogVol00
xfsrestore: session time: Wed May 17 14:47:53 2023
xfsrestore: level: 0
xfsrestore: session label: ""
xfsrestore: media label: ""
xfsrestore: file system id: b60e9498-0baa-4d9f-90aa-069048217fee
xfsrestore: session id: de0cba6b-c7da-469d-a506-88c2669594e2
xfsrestore: media id: a9250da1-bbbf-4c1f-8347-eb70bf152c84
xfsrestore: searching media for directory dump
xfsrestore: reading directories
xfsdump: dumping non-directory files
xfsrestore: 2697 directories and 23610 entries processed
xfsrestore: directory post-processing
xfsrestore: restoring non-directory files
xfsdump: ending media file
xfsdump: media file size 837335376 bytes
xfsdump: dump size (non-dir files) : 824177560 bytes
xfsdump: dump complete: 21 seconds elapsed
xfsdump: Dump Status: SUCCESS
xfsrestore: restore complete: 21 seconds elapsed
xfsrestore: Restore Status: SUCCESS
[vagrant@lvm ~]$ ls /mnt
bin  boot  dev  etc  home  lib  lib64  media  mnt  opt  proc  root  run  sbin  srv  sys  tmp  usr  var
[vagrant@lvm ~]$ for i in /proc/ /sys/ /dev/ /run/ /boot/; do sudo mount --bind $i /mnt/$i; done
[vagrant@lvm ~]$ chroot /mnt/
chroot: cannot change root directory to /mnt/: Operation not permitted
[vagrant@lvm ~]$ sudo chroot /mnt/
[root@lvm /]# grub2-mkconfig -o /boot/grub2/grub.cfg
Generating grub configuration file ...
Found linux image: /boot/vmlinuz-3.10.0-862.2.3.el7.x86_64
Found initrd image: /boot/initramfs-3.10.0-862.2.3.el7.x86_64.img
done
[root@lvm /]# cd /boot ; for i in `ls initramfs-*img`; do dracut -v $i `echo $i|sed "s/initramfs-//g;  s/.img//g"` --force; done
Executing: /sbin/dracut -v initramfs-3.10.0-862.2.3.el7.x86_64.img 3.10.0-862.2.3.el7.x86_64 --force
dracut module 'busybox' will not be installed, because command 'busybox' could not be found!
dracut module 'crypt' will not be installed, because command 'cryptsetup' could not be found!
dracut module 'dmraid' will not be installed, because command 'dmraid' could not be found!
dracut module 'dmsquash-live-ntfs' will not be installed, because command 'ntfs-3g' could not be found!
dracut module 'multipath' will not be installed, because command 'multipath' could not be found!
dracut module 'busybox' will not be installed, because command 'busybox' could not be found!
dracut module 'crypt' will not be installed, because command 'cryptsetup' could not be found!
dracut module 'dmraid' will not be installed, because command 'dmraid' could not be found!
dracut module 'dmsquash-live-ntfs' will not be installed, because command 'ntfs-3g' could not be found!
dracut module 'multipath' will not be installed, because command 'multipath' could not be found!
*** Including module: bash ***
*** Including module: nss-softokn ***
*** Including module: i18n ***
*** Including module: drm ***
*** Including module: plymouth ***
*** Including module: dm ***
Skipping udev rule: 64-device-mapper.rules
Skipping udev rule: 60-persistent-storage-dm.rules
Skipping udev rule: 55-dm.rules
*** Including module: kernel-modules ***
Omitting driver floppy
*** Including module: lvm ***
Skipping udev rule: 64-device-mapper.rules
Skipping udev rule: 56-lvm.rules
Skipping udev rule: 60-persistent-storage-lvm.rules
*** Including module: qemu ***
*** Including module: resume ***
*** Including module: rootfs-block ***
*** Including module: terminfo ***
*** Including module: udev-rules ***
Skipping udev rule: 40-redhat-cpu-hotplug.rules
Skipping udev rule: 91-permissions.rules
*** Including module: biosdevname ***
*** Including module: systemd ***
*** Including module: usrmount ***
*** Including module: base ***
*** Including module: fs-lib ***
*** Including module: shutdown ***
*** Including modules done ***
*** Installing kernel module dependencies and firmware ***
*** Installing kernel module dependencies and firmware done ***
*** Resolving executable dependencies ***
*** Resolving executable dependencies done***
*** Hardlinking files ***
*** Hardlinking files done ***
*** Stripping files ***
*** Stripping files done ***
*** Generating early-microcode cpio image contents ***
*** No early-microcode cpio image needed ***
*** Store current command line parameters ***
*** Creating image file ***
*** Creating image file done ***
*** Creating initramfs image file '/boot/initramfs-3.10.0-862.2.3.el7.x86_64.img' done ***
[root@lvm boot]# vi /boot/grub2/grub.cfg
[root@lvm boot]# exit
exit
[vagrant@lvm ~]$ exit
exit

Script done on Wed 17 May 2023 02:58:11 PM UTC
